<?xml version="1.0" encoding="UTF-8"?>
<!-- Generated by org.testng.reporters.JUnitReportReporter -->
<testsuite hostname="DESKTOP-C1E1F79" failures="0" tests="1" name="test.jpet.AppTest" time="0.024" errors="0" timestamp="6 Jun 2020 13:12:24 GMT">
  <testcase classname="test.jpet.AppTest" name="testApp" time="0.024"/>
</testsuite> <!-- test.jpet.AppTest -->
